[INFO] Scanning for projects...
[INFO] 
[INFO] ----------------------< com.vente:gestion_vente >-----------------------
[INFO] Building gestion_vente 0.0.1-SNAPSHOT
[INFO]   from pom.xml
[INFO] --------------------------------[ jar ]---------------------------------
[INFO] 
[INFO] >>> spring-boot:3.2.0:run (default-cli) > test-compile @ gestion_vente >>>
[WARNING] The artifact com.itextpdf:itext7-core:pom:8.0.2 has been relocated to com.itextpdf:itext-core:pom:8.0.2
[INFO] 
[INFO] --- resources:3.3.1:resources (default-resources) @ gestion_vente ---
[INFO] Copying 1 resource from src\main\resources to target\classes
[INFO] Copying 5 resources from src\main\resources to target\classes
[INFO] 
[INFO] --- compiler:3.11.0:compile (default-compile) @ gestion_vente ---
[INFO] Nothing to compile - all classes are up to date
[INFO] 
[INFO] --- resources:3.3.1:testResources (default-testResources) @ gestion_vente ---
[INFO] skip non existing resourceDirectory C:\Users\Windows 11\Documents\workspace-spring-tools-for-eclipse-4.32.0.RELEASE\gestion_vente\src\test\resources
[INFO] 
[INFO] --- compiler:3.11.0:testCompile (default-testCompile) @ gestion_vente ---
[INFO] Changes detected - recompiling the module! :source
[INFO] Compiling 1 source file with javac [debug release 17] to target\test-classes
[INFO] 
[INFO] <<< spring-boot:3.2.0:run (default-cli) < test-compile @ gestion_vente <<<
[INFO] 
[INFO] 
[INFO] --- spring-boot:3.2.0:run (default-cli) @ gestion_vente ---
[INFO] Attaching agents: []

  .   ____          _            __ _ _
 /\\ / ___'_ __ _ _(_)_ __  __ _ \ \ \ \
( ( )\___ | '_ | '_| | '_ \/ _` | \ \ \ \
 \\/  ___)| |_)| | | | | || (_| |  ) ) ) )
  '  |____| .__|_| |_|_| |_\__, | / / / /
 =========|_|==============|___/=/_/_/_/
 :: Spring Boot ::                (v3.2.0)

2025-12-15T22:54:34.390+01:00  INFO 21328 --- [gestion_vente] [  restartedMain] c.vente.Vente.GestionVenteApplication    : Starting GestionVenteApplication using Java 17.0.12 with PID 21328 (C:\Users\Windows 11\Documents\workspace-spring-tools-for-eclipse-4.32.0.RELEASE\gestion_vente\target\classes started by Windows 11 in C:\Users\Windows 11\Documents\workspace-spring-tools-for-eclipse-4.32.0.RELEASE\gestion_vente)
2025-12-15T22:54:34.397+01:00  INFO 21328 --- [gestion_vente] [  restartedMain] c.vente.Vente.GestionVenteApplication    : No active profile set, falling back to 1 default profile: "default"
2025-12-15T22:54:34.817+01:00  INFO 21328 --- [gestion_vente] [  restartedMain] .e.DevToolsPropertyDefaultsPostProcessor : Devtools property defaults active! Set 'spring.devtools.add-properties' to 'false' to disable
2025-12-15T22:54:34.819+01:00  INFO 21328 --- [gestion_vente] [  restartedMain] .e.DevToolsPropertyDefaultsPostProcessor : For additional web related logging consider setting the 'logging.level.web' property to 'DEBUG'
2025-12-15T22:54:37.465+01:00  INFO 21328 --- [gestion_vente] [  restartedMain] .s.d.r.c.RepositoryConfigurationDelegate : Bootstrapping Spring Data JPA repositories in DEFAULT mode.
2025-12-15T22:54:37.943+01:00  INFO 21328 --- [gestion_vente] [  restartedMain] .s.d.r.c.RepositoryConfigurationDelegate : Finished Spring Data repository scanning in 453 ms. Found 2 JPA repository interfaces.
2025-12-15T22:54:40.442+01:00  INFO 21328 --- [gestion_vente] [  restartedMain] o.s.b.w.embedded.tomcat.TomcatWebServer  : Tomcat initialized with port 8080 (http)
2025-12-15T22:54:40.470+01:00  INFO 21328 --- [gestion_vente] [  restartedMain] o.apache.catalina.core.StandardService   : Starting service [Tomcat]
2025-12-15T22:54:40.471+01:00  INFO 21328 --- [gestion_vente] [  restartedMain] o.apache.catalina.core.StandardEngine    : Starting Servlet engine: [Apache Tomcat/10.1.16]
2025-12-15T22:54:40.660+01:00  INFO 21328 --- [gestion_vente] [  restartedMain] o.a.c.c.C.[Tomcat].[localhost].[/]       : Initializing Spring embedded WebApplicationContext
2025-12-15T22:54:40.664+01:00  INFO 21328 --- [gestion_vente] [  restartedMain] w.s.c.ServletWebServerApplicationContext : Root WebApplicationContext: initialization completed in 5839 ms
2025-12-15T22:54:41.117+01:00  INFO 21328 --- [gestion_vente] [  restartedMain] o.hibernate.jpa.internal.util.LogHelper  : HHH000204: Processing PersistenceUnitInfo [name: default]
2025-12-15T22:54:41.316+01:00  INFO 21328 --- [gestion_vente] [  restartedMain] org.hibernate.Version                    : HHH000412: Hibernate ORM core version 6.3.1.Final
2025-12-15T22:54:41.451+01:00  INFO 21328 --- [gestion_vente] [  restartedMain] o.h.c.internal.RegionFactoryInitiator    : HHH000026: Second-level cache disabled
2025-12-15T22:54:42.192+01:00  INFO 21328 --- [gestion_vente] [  restartedMain] o.s.o.j.p.SpringPersistenceUnitInfo      : No LoadTimeWeaver setup: ignoring JPA class transformer
2025-12-15T22:54:42.271+01:00  INFO 21328 --- [gestion_vente] [  restartedMain] com.zaxxer.hikari.HikariDataSource       : HikariPool-1 - Starting...
2025-12-15T22:54:42.702+01:00  INFO 21328 --- [gestion_vente] [  restartedMain] com.zaxxer.hikari.pool.HikariPool        : HikariPool-1 - Added connection com.mysql.cj.jdbc.ConnectionImpl@4c0d0fe2
2025-12-15T22:54:42.707+01:00  INFO 21328 --- [gestion_vente] [  restartedMain] com.zaxxer.hikari.HikariDataSource       : HikariPool-1 - Start completed.
2025-12-15T22:54:45.298+01:00  INFO 21328 --- [gestion_vente] [  restartedMain] o.h.e.t.j.p.i.JtaPlatformInitiator       : HHH000489: No JTA platform available (set 'hibernate.transaction.jta.platform' to enable JTA platform integration)
2025-12-15T22:54:45.415+01:00  INFO 21328 --- [gestion_vente] [  restartedMain] j.LocalContainerEntityManagerFactoryBean : Initialized JPA EntityManagerFactory for persistence unit 'default'
2025-12-15T22:54:46.532+01:00  WARN 21328 --- [gestion_vente] [  restartedMain] o.s.aop.framework.CglibAopProxy          : Unable to proxy interface-implementing method [public final void org.springframework.web.filter.OncePerRequestFilter.doFilter(jakarta.servlet.ServletRequest,jakarta.servlet.ServletResponse,jakarta.servlet.FilterChain) throws jakarta.servlet.ServletException,java.io.IOException] because it is marked as final, consider using interface-based JDK proxies instead.
2025-12-15T22:54:46.532+01:00  WARN 21328 --- [gestion_vente] [  restartedMain] o.s.aop.framework.CglibAopProxy          : Unable to proxy interface-implementing method [public final void org.springframework.web.filter.GenericFilterBean.init(jakarta.servlet.FilterConfig) throws jakarta.servlet.ServletException] because it is marked as final, consider using interface-based JDK proxies instead.
2025-12-15T22:54:48.123+01:00  INFO 21328 --- [gestion_vente] [  restartedMain] o.s.s.web.DefaultSecurityFilterChain     : Will secure any request with [org.springframework.security.web.session.DisableEncodeUrlFilter@8f4afd8, org.springframework.security.web.context.request.async.WebAsyncManagerIntegrationFilter@391e32ed, org.springframework.security.web.context.SecurityContextHolderFilter@293f8f2e, org.springframework.security.web.header.HeaderWriterFilter@56628c6f, org.springframework.web.filter.CorsFilter@ef79cc8, org.springframework.security.web.authentication.logout.LogoutFilter@33bffe4e, com.vente.Vente.Security.JwtAuthenticationFilter@2df170ce, org.springframework.security.web.authentication.UsernamePasswordAuthenticationFilter@3ca17ff1, org.springframework.security.web.session.ConcurrentSessionFilter@53a2b899, org.springframework.security.web.savedrequest.RequestCacheAwareFilter@37550e72, org.springframework.security.web.servletapi.SecurityContextHolderAwareRequestFilter@7184a774, org.springframework.security.web.authentication.AnonymousAuthenticationFilter@3da78a4f, org.springframework.security.web.session.SessionManagementFilter@60851995, org.springframework.security.web.access.ExceptionTranslationFilter@7223c9e4, org.springframework.security.web.access.intercept.AuthorizationFilter@30e0276c]
2025-12-15T22:54:49.104+01:00  INFO 21328 --- [gestion_vente] [  restartedMain] o.s.b.d.a.OptionalLiveReloadServer       : LiveReload server is running on port 35729
2025-12-15T22:54:49.190+01:00  INFO 21328 --- [gestion_vente] [  restartedMain] o.s.b.w.embedded.tomcat.TomcatWebServer  : Tomcat started on port 8080 (http) with context path ''
2025-12-15T22:54:49.210+01:00  INFO 21328 --- [gestion_vente] [  restartedMain] c.vente.Vente.GestionVenteApplication    : Started GestionVenteApplication in 15.884 seconds (process running for 16.796)
2025-12-15T22:54:49.215+01:00  INFO 21328 --- [gestion_vente] [  restartedMain] com.vente.Vente.Config.DataInitializer   : Checking default users...
2025-12-15T22:54:49.564+01:00 DEBUG 21328 --- [gestion_vente] [  restartedMain] org.hibernate.SQL                        : 
    select
        u1_0.userid 
    from
        users u1_0 
    where
        u1_0.username=? 
    limit
        ?
Hibernate: 
    select
        u1_0.userid 
    from
        users u1_0 
    where
        u1_0.username=? 
    limit
        ?
2025-12-15T22:54:49.619+01:00 DEBUG 21328 --- [gestion_vente] [  restartedMain] org.hibernate.SQL                        : 
    select
        u1_0.userid,
        u1_0.createdat,
        u1_0.email,
        u1_0.enabled,
        u1_0.fullname,
        u1_0.password,
        u1_0.role,
        u1_0.username 
    from
        users u1_0 
    where
        u1_0.username=?
Hibernate: 
    select
        u1_0.userid,
        u1_0.createdat,
        u1_0.email,
        u1_0.enabled,
        u1_0.fullname,
        u1_0.password,
        u1_0.role,
        u1_0.username 
    from
        users u1_0 
    where
        u1_0.username=?
2025-12-15T22:54:49.881+01:00 DEBUG 21328 --- [gestion_vente] [  restartedMain] org.hibernate.SQL                        : 
    select
        u1_0.userid,
        u1_0.createdat,
        u1_0.email,
        u1_0.enabled,
        u1_0.fullname,
        u1_0.password,
        u1_0.role,
        u1_0.username 
    from
        users u1_0 
    where
        u1_0.userid=?
Hibernate: 
    select
        u1_0.userid,
        u1_0.createdat,
        u1_0.email,
        u1_0.enabled,
        u1_0.fullname,
        u1_0.password,
        u1_0.role,
        u1_0.username 
    from
        users u1_0 
    where
        u1_0.userid=?
2025-12-15T22:54:50.086+01:00 DEBUG 21328 --- [gestion_vente] [  restartedMain] org.hibernate.SQL                        : 
    update
        users 
    set
        createdat=?,
        email=?,
        enabled=?,
        fullname=?,
        password=?,
        role=?,
        username=? 
    where
        userid=?
Hibernate: 
    update
        users 
    set
        createdat=?,
        email=?,
        enabled=?,
        fullname=?,
        password=?,
        role=?,
        username=? 
    where
        userid=?
2025-12-15T22:54:50.107+01:00  INFO 21328 --- [gestion_vente] [  restartedMain] com.vente.Vente.Config.DataInitializer   : Updated admin user password
2025-12-15T22:54:50.113+01:00 DEBUG 21328 --- [gestion_vente] [  restartedMain] org.hibernate.SQL                        : 
    select
        u1_0.userid 
    from
        users u1_0 
    where
        u1_0.username=? 
    limit
        ?
Hibernate: 
    select
        u1_0.userid 
    from
        users u1_0 
    where
        u1_0.username=? 
    limit
        ?
2025-12-15T22:54:50.119+01:00 DEBUG 21328 --- [gestion_vente] [  restartedMain] org.hibernate.SQL                        : 
    select
        u1_0.userid,
        u1_0.createdat,
        u1_0.email,
        u1_0.enabled,
        u1_0.fullname,
        u1_0.password,
        u1_0.role,
        u1_0.username 
    from
        users u1_0 
    where
        u1_0.username=?
Hibernate: 
    select
        u1_0.userid,
        u1_0.createdat,
        u1_0.email,
        u1_0.enabled,
        u1_0.fullname,
        u1_0.password,
        u1_0.role,
        u1_0.username 
    from
        users u1_0 
    where
        u1_0.username=?
2025-12-15T22:54:50.314+01:00 DEBUG 21328 --- [gestion_vente] [  restartedMain] org.hibernate.SQL                        : 
    select
        u1_0.userid,
        u1_0.createdat,
        u1_0.email,
        u1_0.enabled,
        u1_0.fullname,
        u1_0.password,
        u1_0.role,
        u1_0.username 
    from
        users u1_0 
    where
        u1_0.userid=?
Hibernate: 
    select
        u1_0.userid,
        u1_0.createdat,
        u1_0.email,
        u1_0.enabled,
        u1_0.fullname,
        u1_0.password,
        u1_0.role,
        u1_0.username 
    from
        users u1_0 
    where
        u1_0.userid=?
2025-12-15T22:54:50.319+01:00 DEBUG 21328 --- [gestion_vente] [  restartedMain] org.hibernate.SQL                        : 
    update
        users 
    set
        createdat=?,
        email=?,
        enabled=?,
        fullname=?,
        password=?,
        role=?,
        username=? 
    where
        userid=?
Hibernate: 
    update
        users 
    set
        createdat=?,
        email=?,
        enabled=?,
        fullname=?,
        password=?,
        role=?,
        username=? 
    where
        userid=?
2025-12-15T22:54:50.326+01:00  INFO 21328 --- [gestion_vente] [  restartedMain] com.vente.Vente.Config.DataInitializer   : Updated user1 password
2025-12-15T22:54:50.331+01:00 DEBUG 21328 --- [gestion_vente] [  restartedMain] org.hibernate.SQL                        : 
    select
        u1_0.userid 
    from
        users u1_0 
    where
        u1_0.username=? 
    limit
        ?
Hibernate: 
    select
        u1_0.userid 
    from
        users u1_0 
    where
        u1_0.username=? 
    limit
        ?
2025-12-15T22:54:50.337+01:00 DEBUG 21328 --- [gestion_vente] [  restartedMain] org.hibernate.SQL                        : 
    select
        u1_0.userid,
        u1_0.createdat,
        u1_0.email,
        u1_0.enabled,
        u1_0.fullname,
        u1_0.password,
        u1_0.role,
        u1_0.username 
    from
        users u1_0 
    where
        u1_0.username=?
Hibernate: 
    select
        u1_0.userid,
        u1_0.createdat,
        u1_0.email,
        u1_0.enabled,
        u1_0.fullname,
        u1_0.password,
        u1_0.role,
        u1_0.username 
    from
        users u1_0 
    where
        u1_0.username=?
2025-12-15T22:54:50.534+01:00 DEBUG 21328 --- [gestion_vente] [  restartedMain] org.hibernate.SQL                        : 
    select
        u1_0.userid,
        u1_0.createdat,
        u1_0.email,
        u1_0.enabled,
        u1_0.fullname,
        u1_0.password,
        u1_0.role,
        u1_0.username 
    from
        users u1_0 
    where
        u1_0.userid=?
Hibernate: 
    select
        u1_0.userid,
        u1_0.createdat,
        u1_0.email,
        u1_0.enabled,
        u1_0.fullname,
        u1_0.password,
        u1_0.role,
        u1_0.username 
    from
        users u1_0 
    where
        u1_0.userid=?
2025-12-15T22:54:50.539+01:00 DEBUG 21328 --- [gestion_vente] [  restartedMain] org.hibernate.SQL                        : 
    update
        users 
    set
        createdat=?,
        email=?,
        enabled=?,
        fullname=?,
        password=?,
        role=?,
        username=? 
    where
        userid=?
Hibernate: 
    update
        users 
    set
        createdat=?,
        email=?,
        enabled=?,
        fullname=?,
        password=?,
        role=?,
        username=? 
    where
        userid=?
2025-12-15T22:54:50.546+01:00  INFO 21328 --- [gestion_vente] [  restartedMain] com.vente.Vente.Config.DataInitializer   : Updated user2 password
2025-12-15T22:54:50.546+01:00  INFO 21328 --- [gestion_vente] [  restartedMain] com.vente.Vente.Config.DataInitializer   : ? Default users ready!
2025-12-15T22:54:50.548+01:00  INFO 21328 --- [gestion_vente] [  restartedMain] com.vente.Vente.Config.DataInitializer   : Login with: admin/password123, user1/password123, or user2/password123
[INFO] ------------------------------------------------------------------------
[INFO] BUILD FAILURE
[INFO] ------------------------------------------------------------------------
[INFO] Total time:  02:51 min
[INFO] Finished at: 2025-12-15T22:57:17+01:00
[INFO] ------------------------------------------------------------------------
[ERROR] Failed to execute goal org.springframework.boot:spring-boot-maven-plugin:3.2.0:run (default-cli) on project gestion_vente: Process terminated with exit code: 1 -> [Help 1]
[ERROR] 
[ERROR] To see the full stack trace of the errors, re-run Maven with the -e switch.
[ERROR] Re-run Maven using the -X switch to enable full debug logging.
[ERROR] 
[ERROR] For more information about the errors and possible solutions, please read the following articles:
[ERROR] [Help 1] http://cwiki.apache.org/confluence/display/MAVEN/MojoExecutionException
