[INFO] Scanning for projects...
[INFO] 
[INFO] -----------------< com.commercial:gestion_commerciel >------------------
[INFO] Building gestion_commerciel 0.0.1-SNAPSHOT
[INFO]   from pom.xml
[INFO] --------------------------------[ jar ]---------------------------------
[INFO] 
[INFO] >>> spring-boot:3.2.0:run (default-cli) > test-compile @ gestion_commerciel >>>
[INFO] 
[INFO] --- resources:3.3.1:resources (default-resources) @ gestion_commerciel ---
[INFO] Copying 1 resource from src\main\resources to target\classes
[INFO] Copying 0 resource from src\main\resources to target\classes
[INFO] 
[INFO] --- compiler:3.11.0:compile (default-compile) @ gestion_commerciel ---
[INFO] Nothing to compile - all classes are up to date
[INFO] 
[INFO] --- resources:3.3.1:testResources (default-testResources) @ gestion_commerciel ---
[INFO] skip non existing resourceDirectory C:\Users\Windows 11\Documents\workspace-spring-tools-for-eclipse-4.32.0.RELEASE\gestion_commerciel\src\test\resources
[INFO] 
[INFO] --- compiler:3.11.0:testCompile (default-testCompile) @ gestion_commerciel ---
[INFO] Changes detected - recompiling the module! :source
[INFO] Compiling 1 source file with javac [debug release 17] to target\test-classes
[INFO] 
[INFO] <<< spring-boot:3.2.0:run (default-cli) < test-compile @ gestion_commerciel <<<
[INFO] 
[INFO] 
[INFO] --- spring-boot:3.2.0:run (default-cli) @ gestion_commerciel ---
[INFO] Attaching agents: []

  .   ____          _            __ _ _
 /\\ / ___'_ __ _ _(_)_ __  __ _ \ \ \ \
( ( )\___ | '_ | '_| | '_ \/ _` | \ \ \ \
 \\/  ___)| |_)| | | | | || (_| |  ) ) ) )
  '  |____| .__|_| |_|_| |_\__, | / / / /
 =========|_|==============|___/=/_/_/_/
 :: Spring Boot ::                (v3.2.0)

2025-12-15T22:51:25.623+01:00  INFO 19736 --- [gestion_commerciel] [           main] c.c.C.GestionCommercielApplication       : Starting GestionCommercielApplication using Java 17.0.12 with PID 19736 (C:\Users\Windows 11\Documents\workspace-spring-tools-for-eclipse-4.32.0.RELEASE\gestion_commerciel\target\classes started by Windows 11 in C:\Users\Windows 11\Documents\workspace-spring-tools-for-eclipse-4.32.0.RELEASE\gestion_commerciel)
2025-12-15T22:51:25.627+01:00  INFO 19736 --- [gestion_commerciel] [           main] c.c.C.GestionCommercielApplication       : No active profile set, falling back to 1 default profile: "default"
2025-12-15T22:51:27.103+01:00  INFO 19736 --- [gestion_commerciel] [           main] .s.d.r.c.RepositoryConfigurationDelegate : Bootstrapping Spring Data JPA repositories in DEFAULT mode.
2025-12-15T22:51:27.193+01:00  INFO 19736 --- [gestion_commerciel] [           main] .s.d.r.c.RepositoryConfigurationDelegate : Finished Spring Data repository scanning in 80 ms. Found 2 JPA repository interfaces.
2025-12-15T22:51:28.454+01:00  INFO 19736 --- [gestion_commerciel] [           main] o.s.b.w.embedded.tomcat.TomcatWebServer  : Tomcat initialized with port 8082 (http)
2025-12-15T22:51:28.475+01:00  INFO 19736 --- [gestion_commerciel] [           main] o.apache.catalina.core.StandardService   : Starting service [Tomcat]
2025-12-15T22:51:28.475+01:00  INFO 19736 --- [gestion_commerciel] [           main] o.apache.catalina.core.StandardEngine    : Starting Servlet engine: [Apache Tomcat/10.1.16]
2025-12-15T22:51:28.597+01:00  INFO 19736 --- [gestion_commerciel] [           main] o.a.c.c.C.[Tomcat].[localhost].[/]       : Initializing Spring embedded WebApplicationContext
2025-12-15T22:51:28.599+01:00  INFO 19736 --- [gestion_commerciel] [           main] w.s.c.ServletWebServerApplicationContext : Root WebApplicationContext: initialization completed in 2872 ms
2025-12-15T22:51:28.886+01:00  INFO 19736 --- [gestion_commerciel] [           main] o.hibernate.jpa.internal.util.LogHelper  : HHH000204: Processing PersistenceUnitInfo [name: default]
2025-12-15T22:51:28.998+01:00  INFO 19736 --- [gestion_commerciel] [           main] org.hibernate.Version                    : HHH000412: Hibernate ORM core version 6.3.1.Final
2025-12-15T22:51:29.062+01:00  INFO 19736 --- [gestion_commerciel] [           main] o.h.c.internal.RegionFactoryInitiator    : HHH000026: Second-level cache disabled
2025-12-15T22:51:29.455+01:00  INFO 19736 --- [gestion_commerciel] [           main] o.s.o.j.p.SpringPersistenceUnitInfo      : No LoadTimeWeaver setup: ignoring JPA class transformer
2025-12-15T22:51:29.496+01:00  INFO 19736 --- [gestion_commerciel] [           main] com.zaxxer.hikari.HikariDataSource       : HikariPool-1 - Starting...
2025-12-15T22:51:29.791+01:00  INFO 19736 --- [gestion_commerciel] [           main] com.zaxxer.hikari.pool.HikariPool        : HikariPool-1 - Added connection com.mysql.cj.jdbc.ConnectionImpl@f95d64d
2025-12-15T22:51:29.793+01:00  INFO 19736 --- [gestion_commerciel] [           main] com.zaxxer.hikari.HikariDataSource       : HikariPool-1 - Start completed.
2025-12-15T22:51:31.250+01:00  INFO 19736 --- [gestion_commerciel] [           main] o.h.e.t.j.p.i.JtaPlatformInitiator       : HHH000489: No JTA platform available (set 'hibernate.transaction.jta.platform' to enable JTA platform integration)
2025-12-15T22:51:31.325+01:00  INFO 19736 --- [gestion_commerciel] [           main] j.LocalContainerEntityManagerFactoryBean : Initialized JPA EntityManagerFactory for persistence unit 'default'
2025-12-15T22:51:32.732+01:00  INFO 19736 --- [gestion_commerciel] [           main] o.s.b.w.embedded.tomcat.TomcatWebServer  : Tomcat started on port 8082 (http) with context path ''
2025-12-15T22:51:32.745+01:00  INFO 19736 --- [gestion_commerciel] [           main] c.c.C.GestionCommercielApplication       : Started GestionCommercielApplication in 7.822 seconds (process running for 8.477)
[INFO] ------------------------------------------------------------------------
[INFO] BUILD FAILURE
[INFO] ------------------------------------------------------------------------
[INFO] Total time:  05:59 min
[INFO] Finished at: 2025-12-15T22:57:17+01:00
[INFO] ------------------------------------------------------------------------
[ERROR] Failed to execute goal org.springframework.boot:spring-boot-maven-plugin:3.2.0:run (default-cli) on project gestion_commerciel: Process terminated with exit code: 1 -> [Help 1]
[ERROR] 
[ERROR] To see the full stack trace of the errors, re-run Maven with the -e switch.
[ERROR] Re-run Maven using the -X switch to enable full debug logging.
[ERROR] 
[ERROR] For more information about the errors and possible solutions, please read the following articles:
[ERROR] [Help 1] http://cwiki.apache.org/confluence/display/MAVEN/MojoExecutionException
